Command line:
   tremol_tb_isim_beh.exe
     -simmode  gui
     -simrunnum  0
     -socket  50042

Mon Mar 05 18:08:09 2018


 Elaboration Time: 0.0312 sec

 Current Memory Usage: 667.558 Meg

 Total Signals          : 42
 Total Nets             : 302
 Total Signal Drivers   : 29
 Total Blocks           : 4
 Total Primitive Blocks : 3
 Total Processes        : 11
 Total Traceable Variables  : 14
 Total Scalar Nets and Variables : 786
Total Line Count : 94

 Total Simulation Time: 0.499203 sec

 Current Memory Usage: 667.558 Meg

Mon Mar 05 18:12:54 2018

