Release 14.7 - xst P.20131013 (nt64)
Copyright (c) 1995-2013 Xilinx, Inc.  All rights reserved.
--> Parameter TMPDIR set to xst/projnav.tmp


Total REAL time to Xst completion: 0.00 secs
Total CPU time to Xst completion: 0.05 secs
 
--> Parameter xsthdpdir set to xst


Total REAL time to Xst completion: 0.00 secs
Total CPU time to Xst completion: 0.06 secs
 
--> Reading design: TOP.prj

TABLE OF CONTENTS
  1) Synthesis Options Summary
  2) HDL Parsing
  3) HDL Elaboration
  4) HDL Synthesis
       4.1) HDL Synthesis Report
  5) Advanced HDL Synthesis
       5.1) Advanced HDL Synthesis Report
  6) Low Level Synthesis
  7) Partition Report
  8) Design Summary
       8.1) Primitive and Black Box Usage
       8.2) Device utilization summary
       8.3) Partition Resource Summary
       8.4) Timing Report
            8.4.1) Clock Information
            8.4.2) Asynchronous Control Signals Information
            8.4.3) Timing Summary
            8.4.4) Timing Details
            8.4.5) Cross Clock Domains Report


=========================================================================
*                      Synthesis Options Summary                        *
=========================================================================
---- Source Parameters
Input File Name                    : "TOP.prj"
Ignore Synthesis Constraint File   : NO

---- Target Parameters
Output File Name                   : "TOP"
Output Format                      : NGC
Target Device                      : xc6slx9-3-tqg144

---- Source Options
Top Module Name                    : TOP
Automatic FSM Extraction           : YES
FSM Encoding Algorithm             : Auto
Safe Implementation                : No
FSM Style                          : LUT
RAM Extraction                     : Yes
RAM Style                          : Auto
ROM Extraction                     : Yes
Shift Register Extraction          : YES
ROM Style                          : Auto
Resource Sharing                   : YES
Asynchronous To Synchronous        : NO
Shift Register Minimum Size        : 2
Use DSP Block                      : Auto
Automatic Register Balancing       : No

---- Target Options
LUT Combining                      : Auto
Reduce Control Sets                : Auto
Add IO Buffers                     : YES
Global Maximum Fanout              : 100000
Add Generic Clock Buffer(BUFG)     : 16
Register Duplication               : YES
Optimize Instantiated Primitives   : NO
Use Clock Enable                   : Auto
Use Synchronous Set                : Auto
Use Synchronous Reset              : Auto
Pack IO Registers into IOBs        : Auto
Equivalent register Removal        : YES

---- General Options
Optimization Goal                  : Speed
Optimization Effort                : 1
Power Reduction                    : NO
Keep Hierarchy                     : No
Netlist Hierarchy                  : As_Optimized
RTL Output                         : Yes
Global Optimization                : AllClockNets
Read Cores                         : YES
Write Timing Constraints           : NO
Cross Clock Analysis               : NO
Hierarchy Separator                : /
Bus Delimiter                      : <>
Case Specifier                     : Maintain
Slice Utilization Ratio            : 100
BRAM Utilization Ratio             : 100
DSP48 Utilization Ratio            : 100
Auto BRAM Packing                  : NO
Slice Utilization Ratio Delta      : 5

=========================================================================


=========================================================================
*                          HDL Parsing                                  *
=========================================================================
Parsing VHDL file "C:\Users\e1538867\Desktop\VHDL_GUITAR_PEDAL\VHDL_GUITAR_PEDAL\VHDL\modules\I2S Interface\I2S_TO_PARALLEL.vhd" into library work
Parsing entity <I2S_TO_PARALLEL>.
Parsing architecture <Behavioral> of entity <i2s_to_parallel>.
Parsing VHDL file "C:\Users\e1538867\Desktop\VHDL_GUITAR_PEDAL\VHDL_GUITAR_PEDAL\VHDL\modules\TOP\TOP.vhd" into library work
Parsing entity <TOP>.
Parsing architecture <Behavioral> of entity <top>.

=========================================================================
*                            HDL Elaboration                            *
=========================================================================

Elaborating entity <TOP> (architecture <Behavioral>) from library <work>.

Elaborating entity <I2S_TO_PARALLEL> (architecture <Behavioral>) with generics from library <work>.

=========================================================================
*                           HDL Synthesis                               *
=========================================================================

Synthesizing Unit <TOP>.
    Related source file is "C:\Users\e1538867\Desktop\VHDL_GUITAR_PEDAL\VHDL_GUITAR_PEDAL\VHDL\modules\TOP\TOP.vhd".
WARNING:Xst:647 - Input <CLK> is never used. This port will be preserved and left unconnected if it belongs to a top-level block or it belongs to a sub-block and the hierarchy of this sub-block is preserved.
INFO:Xst:3210 - "C:\Users\e1538867\Desktop\VHDL_GUITAR_PEDAL\VHDL_GUITAR_PEDAL\VHDL\modules\TOP\TOP.vhd" line 49: Output port <DATA_READY> of the instance <I2S_INTERFACE> is unconnected or connected to loadless signal.
    Summary:
	no macro.
Unit <TOP> synthesized.

Synthesizing Unit <I2S_TO_PARALLEL>.
    Related source file is "C:\Users\e1538867\Desktop\VHDL_GUITAR_PEDAL\VHDL_GUITAR_PEDAL\VHDL\modules\I2S Interface\I2S_TO_PARALLEL.vhd".
        DATA_WIDTH = 24
    Found 1-bit register for signal <DATA_READY>.
    Found 24-bit register for signal <DATA_ADC_R>.
    Found 24-bit register for signal <Shift_Reg_Out>.
    Found 24-bit register for signal <Shift_Reg_In>.
    Found 24-bit register for signal <DATA_ADC_L>.
    Found 5-bit register for signal <Data_Handler.Data_Shift_Counter_Out>.
    Found 5-bit register for signal <Data_Handler.Data_Shift_Counter_In>.
    Found 1-bit register for signal <Current_LRCK_Out>.
    Found 1-bit register for signal <SDTO>.
    Found 1-bit register for signal <Current_LRCK_In>.
    Found 5-bit subtractor for signal <GND_5_o_GND_5_o_sub_4_OUT<4:0>> created at line 76.
    Found 5-bit subtractor for signal <GND_5_o_GND_5_o_sub_13_OUT<4:0>> created at line 94.
    Found 1-bit 24-to-1 multiplexer for signal <GND_5_o_X_5_o_Mux_4_o> created at line 76.
    Summary:
	inferred   2 Adder/Subtractor(s).
	inferred 110 D-type flip-flop(s).
	inferred  28 Multiplexer(s).
Unit <I2S_TO_PARALLEL> synthesized.

=========================================================================
HDL Synthesis Report

Macro Statistics
# Adders/Subtractors                                   : 2
 5-bit subtractor                                      : 2
# Registers                                            : 10
 1-bit register                                        : 4
 24-bit register                                       : 4
 5-bit register                                        : 2
# Multiplexers                                         : 28
 1-bit 2-to-1 multiplexer                              : 24
 1-bit 24-to-1 multiplexer                             : 1
 24-bit 2-to-1 multiplexer                             : 2
 5-bit 2-to-1 multiplexer                              : 1
# Xors                                                 : 2
 1-bit xor2                                            : 2

=========================================================================

=========================================================================
*                       Advanced HDL Synthesis                          *
=========================================================================


=========================================================================
Advanced HDL Synthesis Report

Macro Statistics
# Adders/Subtractors                                   : 2
 5-bit subtractor                                      : 2
# Registers                                            : 110
 Flip-Flops                                            : 110
# Multiplexers                                         : 28
 1-bit 2-to-1 multiplexer                              : 24
 1-bit 24-to-1 multiplexer                             : 1
 24-bit 2-to-1 multiplexer                             : 2
 5-bit 2-to-1 multiplexer                              : 1
# Xors                                                 : 2
 1-bit xor2                                            : 2

=========================================================================

=========================================================================
*                         Low Level Synthesis                           *
=========================================================================

Optimizing unit <TOP> ...

Optimizing unit <I2S_TO_PARALLEL> ...
WARNING:Xst:2677 - Node <I2S_INTERFACE/DATA_READY> of sequential type is unconnected in block <TOP>.
WARNING:Xst:1293 - FF/Latch <I2S_INTERFACE/Shift_Reg_In_0> has a constant value of 0 in block <TOP>. This FF/Latch will be trimmed during the optimization process.
WARNING:Xst:1896 - Due to other FF/Latch trimming, FF/Latch <I2S_INTERFACE/Shift_Reg_Out_0> has a constant value of 0 in block <TOP>. This FF/Latch will be trimmed during the optimization process.
WARNING:Xst:1895 - Due to other FF/Latch trimming, FF/Latch <I2S_INTERFACE/DATA_ADC_L_0> (without init value) has a constant value of 0 in block <TOP>. This FF/Latch will be trimmed during the optimization process.
WARNING:Xst:1895 - Due to other FF/Latch trimming, FF/Latch <I2S_INTERFACE/DATA_ADC_R_0> (without init value) has a constant value of 0 in block <TOP>. This FF/Latch will be trimmed during the optimization process.

Mapping all equations...
Building and optimizing final netlist ...
Found area constraint ratio of 100 (+ 5) on block TOP, actual ratio is 2.

Final Macro Processing ...

=========================================================================
Final Register Report

Macro Statistics
# Registers                                            : 105
 Flip-Flops                                            : 105

=========================================================================

=========================================================================
*                           Partition Report                            *
=========================================================================

Partition Implementation Status
-------------------------------

  No Partitions were found in this design.

-------------------------------

=========================================================================
*                            Design Summary                             *
=========================================================================

Top Level Output File Name         : TOP.ngc

Primitive and Black Box Usage:
------------------------------
# BELS                             : 134
#      INV                         : 2
#      LUT2                        : 3
#      LUT3                        : 83
#      LUT4                        : 4
#      LUT5                        : 6
#      LUT6                        : 34
#      MUXF7                       : 2
# FlipFlops/Latches                : 105
#      FD                          : 1
#      FD_1                        : 1
#      FDCE                        : 72
#      FDCE_1                      : 26
#      FDPE                        : 2
#      FDPE_1                      : 2
#      FDRE_1                      : 1
# Clock Buffers                    : 1
#      BUFG                        : 1
# IO Buffers                       : 5
#      IBUF                        : 4
#      OBUF                        : 1

Device utilization summary:
---------------------------

Selected Device : 6slx9tqg144-3 


Slice Logic Utilization: 
 Number of Slice Registers:             105  out of  11440     0%  
 Number of Slice LUTs:                  132  out of   5720     2%  
    Number used as Logic:               132  out of   5720     2%  

Slice Logic Distribution: 
 Number of LUT Flip Flop pairs used:    132
   Number with an unused Flip Flop:      27  out of    132    20%  
   Number with an unused LUT:             0  out of    132     0%  
   Number of fully used LUT-FF pairs:   105  out of    132    79%  
   Number of unique control sets:         8

IO Utilization: 
 Number of IOs:                           6
 Number of bonded IOBs:                   5  out of    102     4%  

Specific Feature Utilization:
 Number of BUFG/BUFGCTRLs:                1  out of     16     6%  

---------------------------
Partition Resource Summary:
---------------------------

  No Partitions were found in this design.

---------------------------


=========================================================================
Timing Report

NOTE: THESE TIMING NUMBERS ARE ONLY A SYNTHESIS ESTIMATE.
      FOR ACCURATE TIMING INFORMATION PLEASE REFER TO THE TRACE REPORT
      GENERATED AFTER PLACE-and-ROUTE.

Clock Information:
------------------
-----------------------------------+------------------------+-------+
Clock Signal                       | Clock buffer(FF name)  | Load  |
-----------------------------------+------------------------+-------+
BCLK                               | IBUF+BUFG              | 105   |
-----------------------------------+------------------------+-------+

Asynchronous Control Signals Information:
----------------------------------------
No asynchronous control signals found in this design

Timing Summary:
---------------
Speed Grade: -3

   Minimum period: 4.024ns (Maximum Frequency: 248.534MHz)
   Minimum input arrival time before clock: 4.642ns
   Maximum output required time after clock: 3.597ns
   Maximum combinational path delay: No path found

Timing Details:
---------------
All values displayed in nanoseconds (ns)

=========================================================================
Timing constraint: Default period analysis for Clock 'BCLK'
  Clock period: 4.024ns (frequency: 248.534MHz)
  Total number of paths / destination ports: 897 / 209
-------------------------------------------------------------------------
Delay:               4.024ns (Levels of Logic = 2)
  Source:            I2S_INTERFACE/Data_Handler.Data_Shift_Counter_In_3 (FF)
  Destination:       I2S_INTERFACE/Shift_Reg_In_23 (FF)
  Source Clock:      BCLK rising
  Destination Clock: BCLK rising

  Data Path: I2S_INTERFACE/Data_Handler.Data_Shift_Counter_In_3 to I2S_INTERFACE/Shift_Reg_In_23
                                Gate     Net
    Cell:in->out      fanout   Delay   Delay  Logical Name (Net Name)
    ----------------------------------------  ------------
     FDPE:C->Q            11   0.447   1.111  I2S_INTERFACE/Data_Handler.Data_Shift_Counter_In_3 (I2S_INTERFACE/Data_Handler.Data_Shift_Counter_In_3)
     LUT3:I0->O            1   0.205   0.580  I2S_INTERFACE/Data_Handler.Data_Shift_Counter_In[4]_Decoder_11_OUT<0><4>11_1 (I2S_INTERFACE/Data_Handler.Data_Shift_Counter_In[4]_Decoder_11_OUT<0><4>11)
     LUT6:I5->O           23   0.205   1.153  I2S_INTERFACE/_n0170_inv1 (I2S_INTERFACE/_n0170_inv)
     FDCE:CE                   0.322          I2S_INTERFACE/Shift_Reg_In_1
    ----------------------------------------
    Total                      4.024ns (1.179ns logic, 2.845ns route)
                                       (29.3% logic, 70.7% route)

=========================================================================
Timing constraint: Default OFFSET IN BEFORE for Clock 'BCLK'
  Total number of paths / destination ports: 360 / 259
-------------------------------------------------------------------------
Offset:              4.642ns (Levels of Logic = 2)
  Source:            LRCK (PAD)
  Destination:       I2S_INTERFACE/Shift_Reg_In_23 (FF)
  Destination Clock: BCLK rising

  Data Path: LRCK to I2S_INTERFACE/Shift_Reg_In_23
                                Gate     Net
    Cell:in->out      fanout   Delay   Delay  Logical Name (Net Name)
    ----------------------------------------  ------------
     IBUF:I->O            38   1.222   1.741  LRCK_IBUF (LRCK_IBUF)
     LUT6:I0->O           23   0.203   1.153  I2S_INTERFACE/_n0170_inv1 (I2S_INTERFACE/_n0170_inv)
     FDCE:CE                   0.322          I2S_INTERFACE/Shift_Reg_In_1
    ----------------------------------------
    Total                      4.642ns (1.747ns logic, 2.895ns route)
                                       (37.6% logic, 62.4% route)

=========================================================================
Timing constraint: Default OFFSET OUT AFTER for Clock 'BCLK'
  Total number of paths / destination ports: 1 / 1
-------------------------------------------------------------------------
Offset:              3.597ns (Levels of Logic = 1)
  Source:            I2S_INTERFACE/SDTO (FF)
  Destination:       SDTO (PAD)
  Source Clock:      BCLK falling

  Data Path: I2S_INTERFACE/SDTO to SDTO
                                Gate     Net
    Cell:in->out      fanout   Delay   Delay  Logical Name (Net Name)
    ----------------------------------------  ------------
     FDRE_1:C->Q           1   0.447   0.579  I2S_INTERFACE/SDTO (I2S_INTERFACE/SDTO)
     OBUF:I->O                 2.571          SDTO_OBUF (SDTO)
    ----------------------------------------
    Total                      3.597ns (3.018ns logic, 0.579ns route)
                                       (83.9% logic, 16.1% route)

=========================================================================

Cross Clock Domains Report:
--------------------------

Clock to Setup on destination clock BCLK
---------------+---------+---------+---------+---------+
               | Src:Rise| Src:Fall| Src:Rise| Src:Fall|
Source Clock   |Dest:Rise|Dest:Rise|Dest:Fall|Dest:Fall|
---------------+---------+---------+---------+---------+
BCLK           |    4.024|         |    3.534|         |
---------------+---------+---------+---------+---------+

=========================================================================


Total REAL time to Xst completion: 4.00 secs
Total CPU time to Xst completion: 4.32 secs
 
--> 

Total memory usage is 261512 kilobytes

Number of errors   :    0 (   0 filtered)
Number of warnings :    6 (   0 filtered)
Number of infos    :    1 (   0 filtered)

