Release 14.7 Map P.20131013 (nt64)
Xilinx Mapping Report File for Design 'TOP'

Design Information
------------------
Command Line   : map -intstyle ise -p xc6slx9-tqg144-3 -w -logic_opt off -ol
high -t 1 -xt 0 -register_duplication off -r 4 -global_opt off -mt off -ir off
-pr off -lc off -power off -o TOP_map.ncd TOP.ngd TOP.pcf 
Target Device  : xc6slx9
Target Package : tqg144
Target Speed   : -3
Mapper Version : spartan6 -- $Revision: 1.55 $
Mapped Date    : Thu Feb 15 14:24:08 2018

Design Summary
--------------
Number of errors   :   1
Number of warnings :   0

Section 1 - Errors
------------------
ERROR:MapLib:30 - LOC constraint P3 on NEXT_EFFECT is invalid: No such site on
   the device. To bypass this error set the environment variable
   'XIL_MAP_LOCWARN'.

Section 2 - Warnings
--------------------

Section 3 - Informational
-------------------------
INFO:LIT:243 - Logical network AVR_TX_IBUF has no load.
INFO:LIT:395 - The above info message is repeated 4 more times for the following
   (max. 5 shown):
   AVR_RX_BUSY_IBUF,
   LOCK_IBUF,
   LAST_EFFECT_IBUF,
   NEXT_EFFECT_IBUF
   To see the details of these info messages, please use the -detail switch.
INFO:MapLib:562 - No environment variables are currently set.

Section 4 - Removed Logic Summary
---------------------------------

Section 5 - Removed Logic
-------------------------
