Command line:
   I2S_TB_isim_beh.exe
     -simmode  gui
     -simrunnum  0
     -socket  56470

Tue Jan 30 11:30:28 2018


 Elaboration Time: 0.0312 sec

 Current Memory Usage: 667.468 Meg

 Total Signals          : 24
 Total Nets             : 152
 Total Signal Drivers   : 14
 Total Blocks           : 3
 Total Primitive Blocks : 2
 Total Processes        : 3
 Total Traceable Variables  : 10
 Total Scalar Nets and Variables : 514
Total Line Count : 246
Total Line Count : 246

 Total Simulation Time: 0.0312 sec

 Current Memory Usage: 667.468 Meg

Tue Jan 30 12:24:13 2018

