Command line:
   volumeControlTB_isim_beh.exe
     -simmode  gui
     -simrunnum  0
     -socket  56507

Thu Feb 15 14:10:00 2018


 Elaboration Time: 0.0312 sec

 Current Memory Usage: 667.55 Meg

 Total Signals          : 27
 Total Nets             : 179
 Total Signal Drivers   : 12
 Total Blocks           : 4
 Total Primitive Blocks : 3
 Total Processes        : 4
 Total Traceable Variables  : 16
 Total Scalar Nets and Variables : 669
Total Line Count : 51
Total Line Count : 51

 Total Simulation Time: 0.1248 sec

 Current Memory Usage: 824.836 Meg

Thu Feb 15 14:11:43 2018

