Command line:
   I2STB2_isim_beh.exe
     -simmode  gui
     -simrunnum  0
     -socket  64236

Tue Jan 23 12:57:04 2018


 Elaboration Time: 0.0156 sec

 Current Memory Usage: 667.472 Meg

 Total Signals          : 27
 Total Nets             : 154
 Total Signal Drivers   : 16
 Total Blocks           : 3
 Total Primitive Blocks : 2
 Total Processes        : 4
 Total Traceable Variables  : 11
 Total Scalar Nets and Variables : 517
Total Line Count : 255
Total Line Count : 255
Total Line Count : 255

 Total Simulation Time: 0.1404 sec

 Current Memory Usage: 667.472 Meg

Tue Jan 23 13:00:41 2018

