Command line:
   ADC_READ_TB_isim_beh.exe
     -simmode  gui
     -simrunnum  1
     -socket  50097

Fri Apr 13 14:24:58 2018


 Elaboration Time: 0.0312 sec

 Current Memory Usage: 667.55 Meg

 Total Signals          : 26
 Total Nets             : 116
 Total Signal Drivers   : 16
 Total Blocks           : 4
 Total Primitive Blocks : 3
 Total Processes        : 7
 Total Traceable Variables  : 14
 Total Scalar Nets and Variables : 600
Total Line Count : 46

 Total Simulation Time: 0.0936 sec

 Current Memory Usage: 667.55 Meg

Fri Apr 13 15:21:19 2018

